2013-11-09 21:34:11,364 INFO: info [in /Users/daisuke/Dropbox/private/study_python_flask/samples/07/04_logging/flaskr/views.py:32]
2013-11-09 21:34:11,372 WARNING: warning [in /Users/daisuke/Dropbox/private/study_python_flask/samples/07/04_logging/flaskr/views.py:33]
2013-11-09 21:34:11,373 ERROR: error [in /Users/daisuke/Dropbox/private/study_python_flask/samples/07/04_logging/flaskr/views.py:34]
2013-11-09 21:34:11,375 CRITICAL: critical [in /Users/daisuke/Dropbox/private/study_python_flask/samples/07/04_logging/flaskr/views.py:35]
2013-11-09 21:34:33,521 INFO: info [in /Users/daisuke/Dropbox/private/study_python_flask/samples/07/04_logging/flaskr/views.py:32]
2013-11-09 21:34:33,521 WARNING: warning [in /Users/daisuke/Dropbox/private/study_python_flask/samples/07/04_logging/flaskr/views.py:33]
2013-11-09 21:34:33,521 ERROR: error [in /Users/daisuke/Dropbox/private/study_python_flask/samples/07/04_logging/flaskr/views.py:34]
2013-11-09 21:34:33,522 CRITICAL: critical [in /Users/daisuke/Dropbox/private/study_python_flask/samples/07/04_logging/flaskr/views.py:35]
2013-11-09 21:34:47,384 INFO: info [in /Users/daisuke/Dropbox/private/study_python_flask/samples/07/04_logging/flaskr/views.py:32]
2013-11-09 21:34:47,384 WARNING: warning [in /Users/daisuke/Dropbox/private/study_python_flask/samples/07/04_logging/flaskr/views.py:33]
2013-11-09 21:34:47,384 ERROR: error [in /Users/daisuke/Dropbox/private/study_python_flask/samples/07/04_logging/flaskr/views.py:34]
2013-11-09 21:34:47,385 CRITICAL: critical [in /Users/daisuke/Dropbox/private/study_python_flask/samples/07/04_logging/flaskr/views.py:35]
2013-11-09 21:45:01,895 INFO: info [in /Users/daisuke/Dropbox/private/study_python_flask/samples/07/05_debug/flaskr/views.py:32]
2013-11-09 21:45:01,896 WARNING: warning [in /Users/daisuke/Dropbox/private/study_python_flask/samples/07/05_debug/flaskr/views.py:33]
2013-11-09 21:45:01,896 ERROR: error [in /Users/daisuke/Dropbox/private/study_python_flask/samples/07/05_debug/flaskr/views.py:34]
2013-11-09 21:45:01,898 CRITICAL: critical [in /Users/daisuke/Dropbox/private/study_python_flask/samples/07/05_debug/flaskr/views.py:35]
2013-11-09 21:45:10,478 INFO: info [in /Users/daisuke/Dropbox/private/study_python_flask/samples/07/05_debug/flaskr/views.py:32]
2013-11-09 21:45:10,481 WARNING: warning [in /Users/daisuke/Dropbox/private/study_python_flask/samples/07/05_debug/flaskr/views.py:33]
2013-11-09 21:45:10,481 ERROR: error [in /Users/daisuke/Dropbox/private/study_python_flask/samples/07/05_debug/flaskr/views.py:34]
2013-11-09 21:45:10,482 CRITICAL: critical [in /Users/daisuke/Dropbox/private/study_python_flask/samples/07/05_debug/flaskr/views.py:35]
2013-11-09 21:46:52,691 INFO: info [in /Users/daisuke/Dropbox/private/study_python_flask/samples/07/05_debug/flaskr/views.py:32]
2013-11-09 21:46:52,691 WARNING: warning [in /Users/daisuke/Dropbox/private/study_python_flask/samples/07/05_debug/flaskr/views.py:33]
2013-11-09 21:46:52,692 ERROR: error [in /Users/daisuke/Dropbox/private/study_python_flask/samples/07/05_debug/flaskr/views.py:34]
2013-11-09 21:46:52,692 CRITICAL: critical [in /Users/daisuke/Dropbox/private/study_python_flask/samples/07/05_debug/flaskr/views.py:35]
2013-11-09 21:46:59,959 INFO: info [in /Users/daisuke/Dropbox/private/study_python_flask/samples/07/05_debug/flaskr/views.py:32]
2013-11-09 21:46:59,959 WARNING: warning [in /Users/daisuke/Dropbox/private/study_python_flask/samples/07/05_debug/flaskr/views.py:33]
2013-11-09 21:46:59,959 ERROR: error [in /Users/daisuke/Dropbox/private/study_python_flask/samples/07/05_debug/flaskr/views.py:34]
2013-11-09 21:46:59,960 CRITICAL: critical [in /Users/daisuke/Dropbox/private/study_python_flask/samples/07/05_debug/flaskr/views.py:35]
2013-11-09 21:49:07,187 INFO: info [in /Users/daisuke/Dropbox/private/study_python_flask/samples/07/05_debug/flaskr/views.py:32]
2013-11-09 21:49:07,187 WARNING: warning [in /Users/daisuke/Dropbox/private/study_python_flask/samples/07/05_debug/flaskr/views.py:33]
2013-11-09 21:49:07,188 ERROR: error [in /Users/daisuke/Dropbox/private/study_python_flask/samples/07/05_debug/flaskr/views.py:34]
2013-11-09 21:49:07,188 CRITICAL: critical [in /Users/daisuke/Dropbox/private/study_python_flask/samples/07/05_debug/flaskr/views.py:35]
2013-11-09 21:50:12,412 INFO: info [in /Users/daisuke/Dropbox/private/study_python_flask/samples/07/05_debug/flaskr/views.py:32]
2013-11-09 21:50:12,412 WARNING: warning [in /Users/daisuke/Dropbox/private/study_python_flask/samples/07/05_debug/flaskr/views.py:33]
2013-11-09 21:50:12,413 ERROR: error [in /Users/daisuke/Dropbox/private/study_python_flask/samples/07/05_debug/flaskr/views.py:34]
2013-11-09 21:50:12,414 CRITICAL: critical [in /Users/daisuke/Dropbox/private/study_python_flask/samples/07/05_debug/flaskr/views.py:35]
2013-11-09 21:50:34,048 INFO: info [in /Users/daisuke/Dropbox/private/study_python_flask/samples/07/05_debug/flaskr/views.py:32]
2013-11-09 21:50:34,049 WARNING: warning [in /Users/daisuke/Dropbox/private/study_python_flask/samples/07/05_debug/flaskr/views.py:33]
2013-11-09 21:50:34,049 ERROR: error [in /Users/daisuke/Dropbox/private/study_python_flask/samples/07/05_debug/flaskr/views.py:34]
2013-11-09 21:50:34,050 CRITICAL: critical [in /Users/daisuke/Dropbox/private/study_python_flask/samples/07/05_debug/flaskr/views.py:35]
2013-11-09 21:50:36,411 INFO: info [in /Users/daisuke/Dropbox/private/study_python_flask/samples/07/05_debug/flaskr/views.py:32]
2013-11-09 21:50:36,411 WARNING: warning [in /Users/daisuke/Dropbox/private/study_python_flask/samples/07/05_debug/flaskr/views.py:33]
2013-11-09 21:50:36,412 ERROR: error [in /Users/daisuke/Dropbox/private/study_python_flask/samples/07/05_debug/flaskr/views.py:34]
2013-11-09 21:50:36,413 CRITICAL: critical [in /Users/daisuke/Dropbox/private/study_python_flask/samples/07/05_debug/flaskr/views.py:35]
2013-11-09 21:55:44,622 INFO: info [in /Users/daisuke/Dropbox/private/study_python_flask/samples/07/05_debug/flaskr/views.py:32]
2013-11-09 21:55:44,623 WARNING: warning [in /Users/daisuke/Dropbox/private/study_python_flask/samples/07/05_debug/flaskr/views.py:33]
2013-11-09 21:55:44,623 ERROR: error [in /Users/daisuke/Dropbox/private/study_python_flask/samples/07/05_debug/flaskr/views.py:34]
2013-11-09 21:55:44,624 CRITICAL: critical [in /Users/daisuke/Dropbox/private/study_python_flask/samples/07/05_debug/flaskr/views.py:35]
2013-11-09 21:56:00,729 INFO: info [in /Users/daisuke/Dropbox/private/study_python_flask/samples/07/05_debug/flaskr/views.py:32]
2013-11-09 21:56:00,729 WARNING: warning [in /Users/daisuke/Dropbox/private/study_python_flask/samples/07/05_debug/flaskr/views.py:33]
2013-11-09 21:56:00,730 ERROR: error [in /Users/daisuke/Dropbox/private/study_python_flask/samples/07/05_debug/flaskr/views.py:34]
2013-11-09 21:56:00,730 CRITICAL: critical [in /Users/daisuke/Dropbox/private/study_python_flask/samples/07/05_debug/flaskr/views.py:35]
2013-11-09 21:57:07,695 INFO: info [in /Users/daisuke/Dropbox/private/study_python_flask/samples/07/05_debug/flaskr/views.py:32]
2013-11-09 21:57:07,695 WARNING: warning [in /Users/daisuke/Dropbox/private/study_python_flask/samples/07/05_debug/flaskr/views.py:33]
2013-11-09 21:57:07,696 ERROR: error [in /Users/daisuke/Dropbox/private/study_python_flask/samples/07/05_debug/flaskr/views.py:34]
2013-11-09 21:57:07,696 CRITICAL: critical [in /Users/daisuke/Dropbox/private/study_python_flask/samples/07/05_debug/flaskr/views.py:35]
2013-11-09 21:59:50,656 INFO: info [in /Users/daisuke/Dropbox/private/study_python_flask/samples/07/05_debug/flaskr/views.py:32]
2013-11-09 21:59:50,657 WARNING: warning [in /Users/daisuke/Dropbox/private/study_python_flask/samples/07/05_debug/flaskr/views.py:33]
2013-11-09 21:59:50,657 ERROR: error [in /Users/daisuke/Dropbox/private/study_python_flask/samples/07/05_debug/flaskr/views.py:34]
2013-11-09 21:59:50,658 CRITICAL: critical [in /Users/daisuke/Dropbox/private/study_python_flask/samples/07/05_debug/flaskr/views.py:35]
2013-11-09 21:59:52,293 INFO: info [in /Users/daisuke/Dropbox/private/study_python_flask/samples/07/05_debug/flaskr/views.py:32]
2013-11-09 21:59:52,294 WARNING: warning [in /Users/daisuke/Dropbox/private/study_python_flask/samples/07/05_debug/flaskr/views.py:33]
2013-11-09 21:59:52,294 ERROR: error [in /Users/daisuke/Dropbox/private/study_python_flask/samples/07/05_debug/flaskr/views.py:34]
2013-11-09 21:59:52,294 CRITICAL: critical [in /Users/daisuke/Dropbox/private/study_python_flask/samples/07/05_debug/flaskr/views.py:35]
2013-11-09 22:02:12,321 INFO: info [in /Users/daisuke/Dropbox/private/study_python_flask/samples/07/05_debug/flaskr/views.py:32]
2013-11-09 22:02:12,321 WARNING: warning [in /Users/daisuke/Dropbox/private/study_python_flask/samples/07/05_debug/flaskr/views.py:33]
2013-11-09 22:02:12,322 ERROR: error [in /Users/daisuke/Dropbox/private/study_python_flask/samples/07/05_debug/flaskr/views.py:34]
2013-11-09 22:02:12,322 CRITICAL: critical [in /Users/daisuke/Dropbox/private/study_python_flask/samples/07/05_debug/flaskr/views.py:35]
2013-11-09 22:02:25,460 INFO: info [in /Users/daisuke/Dropbox/private/study_python_flask/samples/07/05_debug/flaskr/views.py:32]
2013-11-09 22:02:25,461 WARNING: warning [in /Users/daisuke/Dropbox/private/study_python_flask/samples/07/05_debug/flaskr/views.py:33]
2013-11-09 22:02:25,465 ERROR: error [in /Users/daisuke/Dropbox/private/study_python_flask/samples/07/05_debug/flaskr/views.py:34]
2013-11-09 22:02:25,465 CRITICAL: critical [in /Users/daisuke/Dropbox/private/study_python_flask/samples/07/05_debug/flaskr/views.py:35]
2013-11-09 22:02:36,888 INFO: info [in /Users/daisuke/Dropbox/private/study_python_flask/samples/07/05_debug/flaskr/views.py:32]
2013-11-09 22:02:36,889 WARNING: warning [in /Users/daisuke/Dropbox/private/study_python_flask/samples/07/05_debug/flaskr/views.py:33]
2013-11-09 22:02:36,889 ERROR: error [in /Users/daisuke/Dropbox/private/study_python_flask/samples/07/05_debug/flaskr/views.py:34]
2013-11-09 22:02:36,889 CRITICAL: critical [in /Users/daisuke/Dropbox/private/study_python_flask/samples/07/05_debug/flaskr/views.py:35]
2013-11-09 22:05:31,490 INFO: info [in /Users/daisuke/Dropbox/private/study_python_flask/samples/07/05_debug/flaskr/views.py:32]
2013-11-09 22:05:31,491 WARNING: warning [in /Users/daisuke/Dropbox/private/study_python_flask/samples/07/05_debug/flaskr/views.py:33]
2013-11-09 22:05:31,491 ERROR: error [in /Users/daisuke/Dropbox/private/study_python_flask/samples/07/05_debug/flaskr/views.py:34]
2013-11-09 22:05:31,492 CRITICAL: critical [in /Users/daisuke/Dropbox/private/study_python_flask/samples/07/05_debug/flaskr/views.py:35]
2013-11-09 22:06:40,236 INFO: info [in /Users/daisuke/Dropbox/private/study_python_flask/samples/07/05_debug/flaskr/views.py:32]
2013-11-09 22:06:40,237 WARNING: warning [in /Users/daisuke/Dropbox/private/study_python_flask/samples/07/05_debug/flaskr/views.py:33]
2013-11-09 22:06:40,237 ERROR: error [in /Users/daisuke/Dropbox/private/study_python_flask/samples/07/05_debug/flaskr/views.py:34]
2013-11-09 22:06:40,237 CRITICAL: critical [in /Users/daisuke/Dropbox/private/study_python_flask/samples/07/05_debug/flaskr/views.py:35]
2013-11-09 22:07:20,135 INFO: info [in /Users/daisuke/Dropbox/private/study_python_flask/samples/07/05_debug/flaskr/views.py:32]
2013-11-09 22:07:20,135 WARNING: warning [in /Users/daisuke/Dropbox/private/study_python_flask/samples/07/05_debug/flaskr/views.py:33]
2013-11-09 22:07:20,136 ERROR: error [in /Users/daisuke/Dropbox/private/study_python_flask/samples/07/05_debug/flaskr/views.py:34]
2013-11-09 22:07:20,137 CRITICAL: critical [in /Users/daisuke/Dropbox/private/study_python_flask/samples/07/05_debug/flaskr/views.py:35]
2013-11-09 22:07:21,474 INFO: info [in /Users/daisuke/Dropbox/private/study_python_flask/samples/07/05_debug/flaskr/views.py:32]
2013-11-09 22:07:21,475 WARNING: warning [in /Users/daisuke/Dropbox/private/study_python_flask/samples/07/05_debug/flaskr/views.py:33]
2013-11-09 22:07:21,475 ERROR: error [in /Users/daisuke/Dropbox/private/study_python_flask/samples/07/05_debug/flaskr/views.py:34]
2013-11-09 22:07:21,475 CRITICAL: critical [in /Users/daisuke/Dropbox/private/study_python_flask/samples/07/05_debug/flaskr/views.py:35]
2013-11-09 22:08:31,852 INFO: info [in /Users/daisuke/Dropbox/private/study_python_flask/samples/07/05_debug/flaskr/views.py:32]
2013-11-09 22:08:31,852 WARNING: warning [in /Users/daisuke/Dropbox/private/study_python_flask/samples/07/05_debug/flaskr/views.py:33]
2013-11-09 22:08:31,853 ERROR: error [in /Users/daisuke/Dropbox/private/study_python_flask/samples/07/05_debug/flaskr/views.py:34]
2013-11-09 22:08:31,854 CRITICAL: critical [in /Users/daisuke/Dropbox/private/study_python_flask/samples/07/05_debug/flaskr/views.py:35]
2013-11-09 22:08:43,138 INFO: info [in /Users/daisuke/Dropbox/private/study_python_flask/samples/07/05_debug/flaskr/views.py:32]
2013-11-09 22:08:43,139 WARNING: warning [in /Users/daisuke/Dropbox/private/study_python_flask/samples/07/05_debug/flaskr/views.py:33]
2013-11-09 22:08:43,139 ERROR: error [in /Users/daisuke/Dropbox/private/study_python_flask/samples/07/05_debug/flaskr/views.py:34]
2013-11-09 22:08:43,139 CRITICAL: critical [in /Users/daisuke/Dropbox/private/study_python_flask/samples/07/05_debug/flaskr/views.py:35]
2013-11-09 22:08:43,927 INFO: info [in /Users/daisuke/Dropbox/private/study_python_flask/samples/07/05_debug/flaskr/views.py:32]
2013-11-09 22:08:43,929 WARNING: warning [in /Users/daisuke/Dropbox/private/study_python_flask/samples/07/05_debug/flaskr/views.py:33]
2013-11-09 22:08:43,929 ERROR: error [in /Users/daisuke/Dropbox/private/study_python_flask/samples/07/05_debug/flaskr/views.py:34]
2013-11-09 22:08:43,930 CRITICAL: critical [in /Users/daisuke/Dropbox/private/study_python_flask/samples/07/05_debug/flaskr/views.py:35]
2013-11-09 22:08:44,727 INFO: info [in /Users/daisuke/Dropbox/private/study_python_flask/samples/07/05_debug/flaskr/views.py:32]
2013-11-09 22:08:44,727 WARNING: warning [in /Users/daisuke/Dropbox/private/study_python_flask/samples/07/05_debug/flaskr/views.py:33]
2013-11-09 22:08:44,727 ERROR: error [in /Users/daisuke/Dropbox/private/study_python_flask/samples/07/05_debug/flaskr/views.py:34]
2013-11-09 22:08:44,728 CRITICAL: critical [in /Users/daisuke/Dropbox/private/study_python_flask/samples/07/05_debug/flaskr/views.py:35]
2013-11-09 22:08:45,085 INFO: info [in /Users/daisuke/Dropbox/private/study_python_flask/samples/07/05_debug/flaskr/views.py:32]
2013-11-09 22:08:45,085 WARNING: warning [in /Users/daisuke/Dropbox/private/study_python_flask/samples/07/05_debug/flaskr/views.py:33]
2013-11-09 22:08:45,085 ERROR: error [in /Users/daisuke/Dropbox/private/study_python_flask/samples/07/05_debug/flaskr/views.py:34]
2013-11-09 22:08:45,086 CRITICAL: critical [in /Users/daisuke/Dropbox/private/study_python_flask/samples/07/05_debug/flaskr/views.py:35]
2013-11-09 22:08:45,170 INFO: info [in /Users/daisuke/Dropbox/private/study_python_flask/samples/07/05_debug/flaskr/views.py:32]
2013-11-09 22:08:45,170 WARNING: warning [in /Users/daisuke/Dropbox/private/study_python_flask/samples/07/05_debug/flaskr/views.py:33]
2013-11-09 22:08:45,170 ERROR: error [in /Users/daisuke/Dropbox/private/study_python_flask/samples/07/05_debug/flaskr/views.py:34]
2013-11-09 22:08:45,171 CRITICAL: critical [in /Users/daisuke/Dropbox/private/study_python_flask/samples/07/05_debug/flaskr/views.py:35]
2013-11-09 22:08:45,431 INFO: info [in /Users/daisuke/Dropbox/private/study_python_flask/samples/07/05_debug/flaskr/views.py:32]
2013-11-09 22:08:45,432 WARNING: warning [in /Users/daisuke/Dropbox/private/study_python_flask/samples/07/05_debug/flaskr/views.py:33]
2013-11-09 22:08:45,432 ERROR: error [in /Users/daisuke/Dropbox/private/study_python_flask/samples/07/05_debug/flaskr/views.py:34]
2013-11-09 22:08:45,432 CRITICAL: critical [in /Users/daisuke/Dropbox/private/study_python_flask/samples/07/05_debug/flaskr/views.py:35]
2013-11-09 22:08:47,264 INFO: info [in /Users/daisuke/Dropbox/private/study_python_flask/samples/07/05_debug/flaskr/views.py:32]
2013-11-09 22:08:47,265 WARNING: warning [in /Users/daisuke/Dropbox/private/study_python_flask/samples/07/05_debug/flaskr/views.py:33]
2013-11-09 22:08:47,265 ERROR: error [in /Users/daisuke/Dropbox/private/study_python_flask/samples/07/05_debug/flaskr/views.py:34]
2013-11-09 22:08:47,265 CRITICAL: critical [in /Users/daisuke/Dropbox/private/study_python_flask/samples/07/05_debug/flaskr/views.py:35]
2013-11-09 22:08:48,277 INFO: info [in /Users/daisuke/Dropbox/private/study_python_flask/samples/07/05_debug/flaskr/views.py:32]
2013-11-09 22:08:48,278 WARNING: warning [in /Users/daisuke/Dropbox/private/study_python_flask/samples/07/05_debug/flaskr/views.py:33]
2013-11-09 22:08:48,278 ERROR: error [in /Users/daisuke/Dropbox/private/study_python_flask/samples/07/05_debug/flaskr/views.py:34]
2013-11-09 22:08:48,278 CRITICAL: critical [in /Users/daisuke/Dropbox/private/study_python_flask/samples/07/05_debug/flaskr/views.py:35]
2013-11-09 22:13:14,132 INFO: info [in /Users/daisuke/Dropbox/private/study_python_flask/samples/07/05_debug/flaskr/views.py:33]
2013-11-09 22:13:14,132 WARNING: warning [in /Users/daisuke/Dropbox/private/study_python_flask/samples/07/05_debug/flaskr/views.py:34]
2013-11-09 22:13:14,132 ERROR: error [in /Users/daisuke/Dropbox/private/study_python_flask/samples/07/05_debug/flaskr/views.py:35]
2013-11-09 22:13:14,133 CRITICAL: critical [in /Users/daisuke/Dropbox/private/study_python_flask/samples/07/05_debug/flaskr/views.py:36]
2013-11-09 22:19:25,181 INFO: info [in /Users/daisuke/Dropbox/private/study_python_flask/samples/07/05_debug/flaskr/views.py:33]
2013-11-09 22:19:25,182 WARNING: warning [in /Users/daisuke/Dropbox/private/study_python_flask/samples/07/05_debug/flaskr/views.py:34]
2013-11-09 22:19:25,182 ERROR: error [in /Users/daisuke/Dropbox/private/study_python_flask/samples/07/05_debug/flaskr/views.py:35]
2013-11-09 22:19:25,183 CRITICAL: critical [in /Users/daisuke/Dropbox/private/study_python_flask/samples/07/05_debug/flaskr/views.py:36]
2013-11-09 22:19:56,387 INFO: info [in /Users/daisuke/Dropbox/private/study_python_flask/samples/07/05_debug/flaskr/views.py:33]
2013-11-09 22:19:56,388 WARNING: warning [in /Users/daisuke/Dropbox/private/study_python_flask/samples/07/05_debug/flaskr/views.py:34]
2013-11-09 22:19:56,388 ERROR: error [in /Users/daisuke/Dropbox/private/study_python_flask/samples/07/05_debug/flaskr/views.py:35]
2013-11-09 22:19:56,389 CRITICAL: critical [in /Users/daisuke/Dropbox/private/study_python_flask/samples/07/05_debug/flaskr/views.py:36]
2013-11-09 22:20:21,383 INFO: info [in /Users/daisuke/Dropbox/private/study_python_flask/samples/07/05_debug/flaskr/views.py:33]
2013-11-09 22:20:21,383 WARNING: warning [in /Users/daisuke/Dropbox/private/study_python_flask/samples/07/05_debug/flaskr/views.py:34]
2013-11-09 22:20:21,385 ERROR: error [in /Users/daisuke/Dropbox/private/study_python_flask/samples/07/05_debug/flaskr/views.py:35]
2013-11-09 22:20:21,385 CRITICAL: critical [in /Users/daisuke/Dropbox/private/study_python_flask/samples/07/05_debug/flaskr/views.py:36]
2013-11-09 22:25:15,662 INFO: info [in /Users/daisuke/Dropbox/private/study_python_flask/samples/07/05_debug/flaskr/views.py:33]
2013-11-09 22:25:15,667 WARNING: warning [in /Users/daisuke/Dropbox/private/study_python_flask/samples/07/05_debug/flaskr/views.py:34]
2013-11-09 22:25:15,668 ERROR: error [in /Users/daisuke/Dropbox/private/study_python_flask/samples/07/05_debug/flaskr/views.py:35]
2013-11-09 22:25:15,674 CRITICAL: critical [in /Users/daisuke/Dropbox/private/study_python_flask/samples/07/05_debug/flaskr/views.py:36]
2013-11-09 22:25:26,154 INFO: info [in /Users/daisuke/Dropbox/private/study_python_flask/samples/07/05_debug/flaskr/views.py:33]
2013-11-09 22:25:26,154 WARNING: warning [in /Users/daisuke/Dropbox/private/study_python_flask/samples/07/05_debug/flaskr/views.py:34]
2013-11-09 22:25:26,154 ERROR: error [in /Users/daisuke/Dropbox/private/study_python_flask/samples/07/05_debug/flaskr/views.py:35]
2013-11-09 22:25:26,155 CRITICAL: critical [in /Users/daisuke/Dropbox/private/study_python_flask/samples/07/05_debug/flaskr/views.py:36]
2013-11-09 22:27:22,914 INFO: info [in /Users/daisuke/Dropbox/private/study_python_flask/samples/07/05_debug/flaskr/views.py:33]
2013-11-09 22:27:22,914 WARNING: warning [in /Users/daisuke/Dropbox/private/study_python_flask/samples/07/05_debug/flaskr/views.py:34]
2013-11-09 22:27:22,914 ERROR: error [in /Users/daisuke/Dropbox/private/study_python_flask/samples/07/05_debug/flaskr/views.py:35]
2013-11-09 22:27:22,915 CRITICAL: critical [in /Users/daisuke/Dropbox/private/study_python_flask/samples/07/05_debug/flaskr/views.py:36]
2013-11-09 22:27:30,202 INFO: info [in /Users/daisuke/Dropbox/private/study_python_flask/samples/07/05_debug/flaskr/views.py:33]
2013-11-09 22:27:30,203 WARNING: warning [in /Users/daisuke/Dropbox/private/study_python_flask/samples/07/05_debug/flaskr/views.py:34]
2013-11-09 22:27:30,203 ERROR: error [in /Users/daisuke/Dropbox/private/study_python_flask/samples/07/05_debug/flaskr/views.py:35]
2013-11-09 22:27:30,203 CRITICAL: critical [in /Users/daisuke/Dropbox/private/study_python_flask/samples/07/05_debug/flaskr/views.py:36]
2013-11-09 22:27:55,627 INFO: info [in /Users/daisuke/Dropbox/private/study_python_flask/samples/07/05_debug/flaskr/views.py:33]
2013-11-09 22:27:55,627 WARNING: warning [in /Users/daisuke/Dropbox/private/study_python_flask/samples/07/05_debug/flaskr/views.py:34]
2013-11-09 22:27:55,627 ERROR: error [in /Users/daisuke/Dropbox/private/study_python_flask/samples/07/05_debug/flaskr/views.py:35]
2013-11-09 22:27:55,628 CRITICAL: critical [in /Users/daisuke/Dropbox/private/study_python_flask/samples/07/05_debug/flaskr/views.py:36]
2013-11-09 22:28:03,880 INFO: info [in /Users/daisuke/Dropbox/private/study_python_flask/samples/07/05_debug/flaskr/views.py:33]
2013-11-09 22:28:03,880 WARNING: warning [in /Users/daisuke/Dropbox/private/study_python_flask/samples/07/05_debug/flaskr/views.py:34]
2013-11-09 22:28:03,880 ERROR: error [in /Users/daisuke/Dropbox/private/study_python_flask/samples/07/05_debug/flaskr/views.py:35]
2013-11-09 22:28:03,881 CRITICAL: critical [in /Users/daisuke/Dropbox/private/study_python_flask/samples/07/05_debug/flaskr/views.py:36]
2013-11-09 22:29:43,311 INFO: info [in /Users/daisuke/Dropbox/private/study_python_flask/samples/07/05_debug/flaskr/views.py:33]
2013-11-09 22:29:43,311 WARNING: warning [in /Users/daisuke/Dropbox/private/study_python_flask/samples/07/05_debug/flaskr/views.py:34]
2013-11-09 22:29:43,312 ERROR: error [in /Users/daisuke/Dropbox/private/study_python_flask/samples/07/05_debug/flaskr/views.py:35]
2013-11-09 22:29:43,315 CRITICAL: critical [in /Users/daisuke/Dropbox/private/study_python_flask/samples/07/05_debug/flaskr/views.py:36]
2013-11-09 22:29:48,688 INFO: info [in /Users/daisuke/Dropbox/private/study_python_flask/samples/07/05_debug/flaskr/views.py:33]
2013-11-09 22:29:48,688 WARNING: warning [in /Users/daisuke/Dropbox/private/study_python_flask/samples/07/05_debug/flaskr/views.py:34]
2013-11-09 22:29:48,688 ERROR: error [in /Users/daisuke/Dropbox/private/study_python_flask/samples/07/05_debug/flaskr/views.py:35]
2013-11-09 22:29:48,689 CRITICAL: critical [in /Users/daisuke/Dropbox/private/study_python_flask/samples/07/05_debug/flaskr/views.py:36]
2013-11-09 22:32:43,761 INFO: info [in /Users/daisuke/Dropbox/private/study_python_flask/samples/07/05_debug/flaskr/views.py:33]
2013-11-09 22:32:43,762 WARNING: warning [in /Users/daisuke/Dropbox/private/study_python_flask/samples/07/05_debug/flaskr/views.py:34]
2013-11-09 22:32:43,762 ERROR: error [in /Users/daisuke/Dropbox/private/study_python_flask/samples/07/05_debug/flaskr/views.py:35]
2013-11-09 22:32:43,762 CRITICAL: critical [in /Users/daisuke/Dropbox/private/study_python_flask/samples/07/05_debug/flaskr/views.py:36]
2013-11-09 22:44:31,768 INFO: info [in /Users/daisuke/Dropbox/private/study_python_flask/samples/07/05_debug/flaskr/views.py:33]
2013-11-09 22:44:31,769 WARNING: warning [in /Users/daisuke/Dropbox/private/study_python_flask/samples/07/05_debug/flaskr/views.py:34]
2013-11-09 22:44:31,769 ERROR: error [in /Users/daisuke/Dropbox/private/study_python_flask/samples/07/05_debug/flaskr/views.py:35]
2013-11-09 22:44:31,769 CRITICAL: critical [in /Users/daisuke/Dropbox/private/study_python_flask/samples/07/05_debug/flaskr/views.py:36]
2013-11-09 22:44:36,233 INFO: info [in /Users/daisuke/Dropbox/private/study_python_flask/samples/07/05_debug/flaskr/views.py:33]
2013-11-09 22:44:36,233 WARNING: warning [in /Users/daisuke/Dropbox/private/study_python_flask/samples/07/05_debug/flaskr/views.py:34]
2013-11-09 22:44:36,234 ERROR: error [in /Users/daisuke/Dropbox/private/study_python_flask/samples/07/05_debug/flaskr/views.py:35]
2013-11-09 22:44:36,234 CRITICAL: critical [in /Users/daisuke/Dropbox/private/study_python_flask/samples/07/05_debug/flaskr/views.py:36]
2013-11-09 22:44:37,152 INFO: info [in /Users/daisuke/Dropbox/private/study_python_flask/samples/07/05_debug/flaskr/views.py:33]
2013-11-09 22:44:37,152 WARNING: warning [in /Users/daisuke/Dropbox/private/study_python_flask/samples/07/05_debug/flaskr/views.py:34]
2013-11-09 22:44:37,152 ERROR: error [in /Users/daisuke/Dropbox/private/study_python_flask/samples/07/05_debug/flaskr/views.py:35]
2013-11-09 22:44:37,153 CRITICAL: critical [in /Users/daisuke/Dropbox/private/study_python_flask/samples/07/05_debug/flaskr/views.py:36]
2013-11-09 22:44:39,885 INFO: info [in /Users/daisuke/Dropbox/private/study_python_flask/samples/07/05_debug/flaskr/views.py:33]
2013-11-09 22:44:39,886 WARNING: warning [in /Users/daisuke/Dropbox/private/study_python_flask/samples/07/05_debug/flaskr/views.py:34]
2013-11-09 22:44:39,886 ERROR: error [in /Users/daisuke/Dropbox/private/study_python_flask/samples/07/05_debug/flaskr/views.py:35]
2013-11-09 22:44:39,887 CRITICAL: critical [in /Users/daisuke/Dropbox/private/study_python_flask/samples/07/05_debug/flaskr/views.py:36]
2013-11-09 22:44:41,699 INFO: info [in /Users/daisuke/Dropbox/private/study_python_flask/samples/07/05_debug/flaskr/views.py:33]
2013-11-09 22:44:41,699 WARNING: warning [in /Users/daisuke/Dropbox/private/study_python_flask/samples/07/05_debug/flaskr/views.py:34]
2013-11-09 22:44:41,699 ERROR: error [in /Users/daisuke/Dropbox/private/study_python_flask/samples/07/05_debug/flaskr/views.py:35]
2013-11-09 22:44:41,700 CRITICAL: critical [in /Users/daisuke/Dropbox/private/study_python_flask/samples/07/05_debug/flaskr/views.py:36]
2013-11-09 22:44:47,535 INFO: info [in /Users/daisuke/Dropbox/private/study_python_flask/samples/07/05_debug/flaskr/views.py:33]
2013-11-09 22:44:47,535 WARNING: warning [in /Users/daisuke/Dropbox/private/study_python_flask/samples/07/05_debug/flaskr/views.py:34]
2013-11-09 22:44:47,535 ERROR: error [in /Users/daisuke/Dropbox/private/study_python_flask/samples/07/05_debug/flaskr/views.py:35]
2013-11-09 22:44:47,536 CRITICAL: critical [in /Users/daisuke/Dropbox/private/study_python_flask/samples/07/05_debug/flaskr/views.py:36]
2013-11-09 22:44:59,767 INFO: info [in /Users/daisuke/Dropbox/private/study_python_flask/samples/07/05_debug/flaskr/views.py:33]
2013-11-09 22:44:59,767 WARNING: warning [in /Users/daisuke/Dropbox/private/study_python_flask/samples/07/05_debug/flaskr/views.py:34]
2013-11-09 22:44:59,768 ERROR: error [in /Users/daisuke/Dropbox/private/study_python_flask/samples/07/05_debug/flaskr/views.py:35]
2013-11-09 22:44:59,768 CRITICAL: critical [in /Users/daisuke/Dropbox/private/study_python_flask/samples/07/05_debug/flaskr/views.py:36]
2013-11-09 22:45:07,112 INFO: info [in /Users/daisuke/Dropbox/private/study_python_flask/samples/07/05_debug/flaskr/views.py:33]
2013-11-09 22:45:07,113 WARNING: warning [in /Users/daisuke/Dropbox/private/study_python_flask/samples/07/05_debug/flaskr/views.py:34]
2013-11-09 22:45:07,113 ERROR: error [in /Users/daisuke/Dropbox/private/study_python_flask/samples/07/05_debug/flaskr/views.py:35]
2013-11-09 22:45:07,113 CRITICAL: critical [in /Users/daisuke/Dropbox/private/study_python_flask/samples/07/05_debug/flaskr/views.py:36]
2013-11-09 22:58:30,399 INFO: info [in /Users/daisuke/Dropbox/private/study_python_flask/samples/07/05_debug/flaskr/frontend/entries.py:11]
2013-11-09 22:58:30,399 WARNING: warning [in /Users/daisuke/Dropbox/private/study_python_flask/samples/07/05_debug/flaskr/frontend/entries.py:12]
2013-11-09 22:58:30,400 ERROR: error [in /Users/daisuke/Dropbox/private/study_python_flask/samples/07/05_debug/flaskr/frontend/entries.py:13]
2013-11-09 22:58:30,400 CRITICAL: critical [in /Users/daisuke/Dropbox/private/study_python_flask/samples/07/05_debug/flaskr/frontend/entries.py:14]
2013-11-09 22:58:31,499 INFO: info [in /Users/daisuke/Dropbox/private/study_python_flask/samples/07/05_debug/flaskr/frontend/entries.py:11]
2013-11-09 22:58:31,499 WARNING: warning [in /Users/daisuke/Dropbox/private/study_python_flask/samples/07/05_debug/flaskr/frontend/entries.py:12]
2013-11-09 22:58:31,501 ERROR: error [in /Users/daisuke/Dropbox/private/study_python_flask/samples/07/05_debug/flaskr/frontend/entries.py:13]
2013-11-09 22:58:31,502 CRITICAL: critical [in /Users/daisuke/Dropbox/private/study_python_flask/samples/07/05_debug/flaskr/frontend/entries.py:14]
2013-11-09 22:59:48,412 INFO: info [in /Users/daisuke/Dropbox/private/study_python_flask/samples/07/05_debug/flaskr/frontend/entries.py:11]
2013-11-09 22:59:48,412 WARNING: warning [in /Users/daisuke/Dropbox/private/study_python_flask/samples/07/05_debug/flaskr/frontend/entries.py:12]
2013-11-09 22:59:48,412 ERROR: error [in /Users/daisuke/Dropbox/private/study_python_flask/samples/07/05_debug/flaskr/frontend/entries.py:13]
2013-11-09 22:59:48,413 CRITICAL: critical [in /Users/daisuke/Dropbox/private/study_python_flask/samples/07/05_debug/flaskr/frontend/entries.py:14]
2013-11-09 22:59:52,968 INFO: info [in /Users/daisuke/Dropbox/private/study_python_flask/samples/07/05_debug/flaskr/frontend/entries.py:11]
2013-11-09 22:59:52,968 WARNING: warning [in /Users/daisuke/Dropbox/private/study_python_flask/samples/07/05_debug/flaskr/frontend/entries.py:12]
2013-11-09 22:59:52,968 ERROR: error [in /Users/daisuke/Dropbox/private/study_python_flask/samples/07/05_debug/flaskr/frontend/entries.py:13]
2013-11-09 22:59:52,969 CRITICAL: critical [in /Users/daisuke/Dropbox/private/study_python_flask/samples/07/05_debug/flaskr/frontend/entries.py:14]
2013-11-09 22:59:55,157 INFO: info [in /Users/daisuke/Dropbox/private/study_python_flask/samples/07/05_debug/flaskr/frontend/entries.py:11]
2013-11-09 22:59:55,158 WARNING: warning [in /Users/daisuke/Dropbox/private/study_python_flask/samples/07/05_debug/flaskr/frontend/entries.py:12]
2013-11-09 22:59:55,158 ERROR: error [in /Users/daisuke/Dropbox/private/study_python_flask/samples/07/05_debug/flaskr/frontend/entries.py:13]
2013-11-09 22:59:55,158 CRITICAL: critical [in /Users/daisuke/Dropbox/private/study_python_flask/samples/07/05_debug/flaskr/frontend/entries.py:14]
2013-11-09 23:02:24,576 INFO: info [in /Users/daisuke/Dropbox/private/study_python_flask/samples/07/05_debug/flaskr/frontend/entries.py:11]
2013-11-09 23:02:24,576 WARNING: warning [in /Users/daisuke/Dropbox/private/study_python_flask/samples/07/05_debug/flaskr/frontend/entries.py:12]
2013-11-09 23:02:24,576 ERROR: error [in /Users/daisuke/Dropbox/private/study_python_flask/samples/07/05_debug/flaskr/frontend/entries.py:13]
2013-11-09 23:02:24,577 CRITICAL: critical [in /Users/daisuke/Dropbox/private/study_python_flask/samples/07/05_debug/flaskr/frontend/entries.py:14]
2013-11-09 23:24:32,551 INFO: info [in /Users/daisuke/Dropbox/private/study_python_flask/samples/07/05_debug/flaskr/frontend/entries.py:11]
2013-11-09 23:24:32,556 WARNING: warning [in /Users/daisuke/Dropbox/private/study_python_flask/samples/07/05_debug/flaskr/frontend/entries.py:12]
2013-11-09 23:24:32,557 ERROR: error [in /Users/daisuke/Dropbox/private/study_python_flask/samples/07/05_debug/flaskr/frontend/entries.py:13]
2013-11-09 23:24:32,559 CRITICAL: critical [in /Users/daisuke/Dropbox/private/study_python_flask/samples/07/05_debug/flaskr/frontend/entries.py:14]
2013-11-09 23:24:38,286 INFO: info [in /Users/daisuke/Dropbox/private/study_python_flask/samples/07/05_debug/flaskr/frontend/entries.py:11]
2013-11-09 23:24:38,287 WARNING: warning [in /Users/daisuke/Dropbox/private/study_python_flask/samples/07/05_debug/flaskr/frontend/entries.py:12]
2013-11-09 23:24:38,287 ERROR: error [in /Users/daisuke/Dropbox/private/study_python_flask/samples/07/05_debug/flaskr/frontend/entries.py:13]
2013-11-09 23:24:38,289 CRITICAL: critical [in /Users/daisuke/Dropbox/private/study_python_flask/samples/07/05_debug/flaskr/frontend/entries.py:14]
2013-11-09 23:24:41,249 INFO: info [in /Users/daisuke/Dropbox/private/study_python_flask/samples/07/05_debug/flaskr/frontend/entries.py:11]
2013-11-09 23:24:41,249 WARNING: warning [in /Users/daisuke/Dropbox/private/study_python_flask/samples/07/05_debug/flaskr/frontend/entries.py:12]
2013-11-09 23:24:41,250 ERROR: error [in /Users/daisuke/Dropbox/private/study_python_flask/samples/07/05_debug/flaskr/frontend/entries.py:13]
2013-11-09 23:24:41,250 CRITICAL: critical [in /Users/daisuke/Dropbox/private/study_python_flask/samples/07/05_debug/flaskr/frontend/entries.py:14]
2013-11-09 23:54:54,450 INFO: info [in /Users/daisuke/Dropbox/private/study_python_flask/samples/07/05_blueprint/flaskr/frontend/entries.py:11]
2013-11-09 23:54:54,451 WARNING: warning [in /Users/daisuke/Dropbox/private/study_python_flask/samples/07/05_blueprint/flaskr/frontend/entries.py:12]
2013-11-09 23:54:54,451 ERROR: error [in /Users/daisuke/Dropbox/private/study_python_flask/samples/07/05_blueprint/flaskr/frontend/entries.py:13]
2013-11-09 23:54:54,451 CRITICAL: critical [in /Users/daisuke/Dropbox/private/study_python_flask/samples/07/05_blueprint/flaskr/frontend/entries.py:14]
2013-11-09 23:56:11,251 INFO: info [in /Users/daisuke/Dropbox/private/study_python_flask/samples/07/05_blueprint/flaskr/frontend/entries.py:11]
2013-11-09 23:56:11,252 WARNING: warning [in /Users/daisuke/Dropbox/private/study_python_flask/samples/07/05_blueprint/flaskr/frontend/entries.py:12]
2013-11-09 23:56:11,252 ERROR: error [in /Users/daisuke/Dropbox/private/study_python_flask/samples/07/05_blueprint/flaskr/frontend/entries.py:13]
2013-11-09 23:56:11,252 CRITICAL: critical [in /Users/daisuke/Dropbox/private/study_python_flask/samples/07/05_blueprint/flaskr/frontend/entries.py:14]
2013-11-09 23:56:17,427 INFO: info [in /Users/daisuke/Dropbox/private/study_python_flask/samples/07/05_blueprint/flaskr/frontend/entries.py:11]
2013-11-09 23:56:17,427 WARNING: warning [in /Users/daisuke/Dropbox/private/study_python_flask/samples/07/05_blueprint/flaskr/frontend/entries.py:12]
2013-11-09 23:56:17,428 ERROR: error [in /Users/daisuke/Dropbox/private/study_python_flask/samples/07/05_blueprint/flaskr/frontend/entries.py:13]
2013-11-09 23:56:17,428 CRITICAL: critical [in /Users/daisuke/Dropbox/private/study_python_flask/samples/07/05_blueprint/flaskr/frontend/entries.py:14]
2013-11-09 23:56:19,086 INFO: info [in /Users/daisuke/Dropbox/private/study_python_flask/samples/07/05_blueprint/flaskr/frontend/entries.py:11]
2013-11-09 23:56:19,086 WARNING: warning [in /Users/daisuke/Dropbox/private/study_python_flask/samples/07/05_blueprint/flaskr/frontend/entries.py:12]
2013-11-09 23:56:19,086 ERROR: error [in /Users/daisuke/Dropbox/private/study_python_flask/samples/07/05_blueprint/flaskr/frontend/entries.py:13]
2013-11-09 23:56:19,087 CRITICAL: critical [in /Users/daisuke/Dropbox/private/study_python_flask/samples/07/05_blueprint/flaskr/frontend/entries.py:14]
2013-11-09 23:56:22,439 INFO: info [in /Users/daisuke/Dropbox/private/study_python_flask/samples/07/05_blueprint/flaskr/frontend/entries.py:11]
2013-11-09 23:56:22,439 WARNING: warning [in /Users/daisuke/Dropbox/private/study_python_flask/samples/07/05_blueprint/flaskr/frontend/entries.py:12]
2013-11-09 23:56:22,440 ERROR: error [in /Users/daisuke/Dropbox/private/study_python_flask/samples/07/05_blueprint/flaskr/frontend/entries.py:13]
2013-11-09 23:56:22,440 CRITICAL: critical [in /Users/daisuke/Dropbox/private/study_python_flask/samples/07/05_blueprint/flaskr/frontend/entries.py:14]
2013-11-09 23:56:23,428 INFO: info [in /Users/daisuke/Dropbox/private/study_python_flask/samples/07/05_blueprint/flaskr/frontend/entries.py:11]
2013-11-09 23:56:23,428 WARNING: warning [in /Users/daisuke/Dropbox/private/study_python_flask/samples/07/05_blueprint/flaskr/frontend/entries.py:12]
2013-11-09 23:56:23,429 ERROR: error [in /Users/daisuke/Dropbox/private/study_python_flask/samples/07/05_blueprint/flaskr/frontend/entries.py:13]
2013-11-09 23:56:23,429 CRITICAL: critical [in /Users/daisuke/Dropbox/private/study_python_flask/samples/07/05_blueprint/flaskr/frontend/entries.py:14]
