2013-11-10 00:07:00,178 ERROR: error [in /Users/daisuke/Dropbox/private/study_python_flask/samples/07/06_test/flaskr/frontend/entries.py:13]
2013-11-10 00:07:00,179 CRITICAL: critical [in /Users/daisuke/Dropbox/private/study_python_flask/samples/07/06_test/flaskr/frontend/entries.py:14]
2013-11-10 00:07:30,995 ERROR: error [in /Users/daisuke/Dropbox/private/study_python_flask/samples/07/06_test/flaskr/frontend/entries.py:13]
2013-11-10 00:07:30,995 CRITICAL: critical [in /Users/daisuke/Dropbox/private/study_python_flask/samples/07/06_test/flaskr/frontend/entries.py:14]
2013-11-10 00:07:34,776 ERROR: error [in /Users/daisuke/Dropbox/private/study_python_flask/samples/07/06_test/flaskr/frontend/entries.py:13]
2013-11-10 00:07:34,777 CRITICAL: critical [in /Users/daisuke/Dropbox/private/study_python_flask/samples/07/06_test/flaskr/frontend/entries.py:14]
2013-11-10 00:07:36,633 ERROR: error [in /Users/daisuke/Dropbox/private/study_python_flask/samples/07/06_test/flaskr/frontend/entries.py:13]
2013-11-10 00:07:36,634 CRITICAL: critical [in /Users/daisuke/Dropbox/private/study_python_flask/samples/07/06_test/flaskr/frontend/entries.py:14]
2013-11-10 00:07:40,947 ERROR: error [in /Users/daisuke/Dropbox/private/study_python_flask/samples/07/06_test/flaskr/frontend/entries.py:13]
2013-11-10 00:07:40,947 CRITICAL: critical [in /Users/daisuke/Dropbox/private/study_python_flask/samples/07/06_test/flaskr/frontend/entries.py:14]
2013-11-10 00:07:43,720 ERROR: error [in /Users/daisuke/Dropbox/private/study_python_flask/samples/07/06_test/flaskr/frontend/entries.py:13]
2013-11-10 00:07:43,721 CRITICAL: critical [in /Users/daisuke/Dropbox/private/study_python_flask/samples/07/06_test/flaskr/frontend/entries.py:14]
2013-11-10 00:08:29,714 ERROR: error [in /Users/daisuke/Dropbox/private/study_python_flask/samples/07/06_test/flaskr/frontend/entries.py:13]
2013-11-10 00:08:29,714 CRITICAL: critical [in /Users/daisuke/Dropbox/private/study_python_flask/samples/07/06_test/flaskr/frontend/entries.py:14]
2013-11-10 00:08:39,185 ERROR: error [in /Users/daisuke/Dropbox/private/study_python_flask/samples/07/06_test/flaskr/frontend/entries.py:13]
2013-11-10 00:08:39,186 CRITICAL: critical [in /Users/daisuke/Dropbox/private/study_python_flask/samples/07/06_test/flaskr/frontend/entries.py:14]
2013-11-10 00:11:45,770 ERROR: error [in /Users/daisuke/Dropbox/private/study_python_flask/samples/07/06_test/flaskr/frontend/entries.py:13]
2013-11-10 00:11:45,771 CRITICAL: critical [in /Users/daisuke/Dropbox/private/study_python_flask/samples/07/06_test/flaskr/frontend/entries.py:14]
2013-11-10 00:15:29,769 ERROR: error [in /Users/daisuke/Dropbox/private/study_python_flask/samples/07/06_test/flaskr/frontend/entries.py:13]
2013-11-10 00:15:29,770 CRITICAL: critical [in /Users/daisuke/Dropbox/private/study_python_flask/samples/07/06_test/flaskr/frontend/entries.py:14]
2013-11-10 00:17:50,268 ERROR: error [in flaskr/frontend/entries.py:13]
2013-11-10 00:17:50,268 CRITICAL: critical [in flaskr/frontend/entries.py:14]
2013-11-10 00:50:27,593 ERROR: error [in /Users/daisuke/Dropbox/private/study_python_flask/samples/08/01_wtforms/flaskr/frontend/entries.py:13]
2013-11-10 00:50:27,593 CRITICAL: critical [in /Users/daisuke/Dropbox/private/study_python_flask/samples/08/01_wtforms/flaskr/frontend/entries.py:14]
2013-11-10 00:50:30,448 ERROR: error [in /Users/daisuke/Dropbox/private/study_python_flask/samples/08/01_wtforms/flaskr/frontend/entries.py:13]
2013-11-10 00:50:30,448 CRITICAL: critical [in /Users/daisuke/Dropbox/private/study_python_flask/samples/08/01_wtforms/flaskr/frontend/entries.py:14]
2013-11-10 00:56:34,977 ERROR: error [in /Users/daisuke/Dropbox/private/study_python_flask/samples/08/01_wtforms/flaskr/frontend/entries.py:13]
2013-11-10 00:56:34,977 CRITICAL: critical [in /Users/daisuke/Dropbox/private/study_python_flask/samples/08/01_wtforms/flaskr/frontend/entries.py:14]
2013-11-10 00:56:56,392 ERROR: error [in /Users/daisuke/Dropbox/private/study_python_flask/samples/08/01_wtforms/flaskr/frontend/entries.py:13]
2013-11-10 00:56:56,392 CRITICAL: critical [in /Users/daisuke/Dropbox/private/study_python_flask/samples/08/01_wtforms/flaskr/frontend/entries.py:14]
2013-11-10 00:56:59,536 ERROR: error [in /Users/daisuke/Dropbox/private/study_python_flask/samples/08/01_wtforms/flaskr/frontend/entries.py:13]
2013-11-10 00:56:59,537 CRITICAL: critical [in /Users/daisuke/Dropbox/private/study_python_flask/samples/08/01_wtforms/flaskr/frontend/entries.py:14]
2013-11-10 00:57:01,959 ERROR: error [in /Users/daisuke/Dropbox/private/study_python_flask/samples/08/01_wtforms/flaskr/frontend/entries.py:13]
2013-11-10 00:57:01,960 CRITICAL: critical [in /Users/daisuke/Dropbox/private/study_python_flask/samples/08/01_wtforms/flaskr/frontend/entries.py:14]
2013-11-10 01:01:07,107 ERROR: error [in /Users/daisuke/Dropbox/private/study_python_flask/samples/07/07_wtforms/flaskr/frontend/entries.py:13]
2013-11-10 01:01:07,108 CRITICAL: critical [in /Users/daisuke/Dropbox/private/study_python_flask/samples/07/07_wtforms/flaskr/frontend/entries.py:14]
2013-11-10 01:04:39,791 ERROR: error [in /Users/daisuke/Dropbox/private/study_python_flask/samples/07/07_wtforms/flaskr/frontend/entries.py:13]
2013-11-10 01:04:39,792 CRITICAL: critical [in /Users/daisuke/Dropbox/private/study_python_flask/samples/07/07_wtforms/flaskr/frontend/entries.py:14]
